[2024-01-22 18:41:00,167: INFO: main: welcome to the classifier:]
[2024-01-22 18:42:17,913: INFO: main: welcome to the classifier:]
[2024-01-23 15:06:49,363: INFO: common: yaml file: config\config.yaml loaded successfully:]
[2024-01-23 15:06:49,378: INFO: common: yaml file: params.yaml loaded successfully:]
[2024-01-23 15:06:49,380: INFO: common: created directory at: artifacts:]
[2024-01-23 15:06:49,381: INFO: common: created directory at: artifacts/data_ingestion:]
[2024-01-23 15:06:49,383: INFO: 1069538903: Downloading dataset from https://drive.google.com/file/d/1afhfOfSlE7su4N2BZyzUafQxatSmCYQf/view?usp=sharing into the file artifacts/data_ingestion/data.zip:]
[2024-01-23 15:08:00,024: INFO: 1069538903: Downloaded data from https://drive.google.com/file/d/1afhfOfSlE7su4N2BZyzUafQxatSmCYQf/view?usp=sharing into file artifacts/data_ingestion/data.zip:]
[2024-01-23 15:33:33,284: INFO: main: >>>>> stage Data Ingestion Stage started <<<<<:]
[2024-01-23 15:33:33,284: INFO: common: yaml file: config\config.yaml loaded successfully:]
[2024-01-23 15:33:33,284: INFO: common: yaml file: params.yaml loaded successfully:]
[2024-01-23 15:33:33,284: INFO: common: created directory at: artifacts:]
[2024-01-23 15:33:33,284: INFO: common: created directory at: artifacts/data_ingestion:]
[2024-01-23 15:33:33,289: INFO: data_ingestion: Downloading dataset from https://drive.google.com/file/d/1afhfOfSlE7su4N2BZyzUafQxatSmCYQf/view?usp=sharing into the file artifacts/data_ingestion/data.zip:]
[2024-01-23 15:33:56,399: INFO: data_ingestion: Downloaded data from https://drive.google.com/file/d/1afhfOfSlE7su4N2BZyzUafQxatSmCYQf/view?usp=sharing into file artifacts/data_ingestion/data.zip:]
[2024-01-23 15:33:57,005: INFO: main: >>>>> stage Data Ingestion Stage completed <<<<<

x==========x:]
[2024-01-23 16:28:06,721: INFO: common: yaml file: config\config.yaml loaded successfully:]
[2024-01-23 16:28:06,737: INFO: common: yaml file: params.yaml loaded successfully:]
[2024-01-23 16:28:06,737: INFO: common: created directory at: artifacts:]
[2024-01-23 16:28:06,745: INFO: common: created directory at: artifacts/prepare_base_model:]
[2024-01-23 16:28:27,113: WARNING: saving_utils: Compiled the loaded model, but the compiled metrics have yet to be built. `model.compile_metrics` will be empty until you train or evaluate the model.:]
[2024-01-23 16:48:43,467: INFO: main: >>>>> stage Data Ingestion Stage started <<<<<:]
[2024-01-23 16:48:43,467: INFO: common: yaml file: config\config.yaml loaded successfully:]
[2024-01-23 16:48:43,467: INFO: common: yaml file: params.yaml loaded successfully:]
[2024-01-23 16:48:43,467: INFO: common: created directory at: artifacts:]
[2024-01-23 16:48:43,467: INFO: common: created directory at: artifacts/data_ingestion:]
[2024-01-23 16:48:43,467: INFO: data_ingestion: Downloading dataset from https://drive.google.com/file/d/1afhfOfSlE7su4N2BZyzUafQxatSmCYQf/view?usp=sharing into the file artifacts/data_ingestion/data.zip:]
[2024-01-23 16:49:13,683: INFO: data_ingestion: Downloaded data from https://drive.google.com/file/d/1afhfOfSlE7su4N2BZyzUafQxatSmCYQf/view?usp=sharing into file artifacts/data_ingestion/data.zip:]
[2024-01-23 16:49:14,727: INFO: main: >>>>> stage Data Ingestion Stage completed <<<<<

x==========x:]
[2024-01-23 16:49:14,727: INFO: main: ***************:]
[2024-01-23 16:49:14,727: INFO: main: >>>>> stage Prepare Base Model started <<<<<:]
[2024-01-23 16:49:14,727: INFO: common: yaml file: config\config.yaml loaded successfully:]
[2024-01-23 16:49:14,727: INFO: common: yaml file: params.yaml loaded successfully:]
[2024-01-23 16:49:14,727: INFO: common: created directory at: artifacts:]
[2024-01-23 16:49:14,742: INFO: common: created directory at: artifacts/prepare_base_model:]
[2024-01-23 17:02:12,924: INFO: main: >>>>> stage Data Ingestion Stage started <<<<<:]
[2024-01-23 17:02:12,925: INFO: common: yaml file: config\config.yaml loaded successfully:]
[2024-01-23 17:02:12,926: INFO: common: yaml file: params.yaml loaded successfully:]
[2024-01-23 17:02:12,927: INFO: common: created directory at: artifacts:]
[2024-01-23 17:02:12,967: INFO: common: created directory at: artifacts/data_ingestion:]
[2024-01-23 17:02:12,968: INFO: data_ingestion: Downloading dataset from https://drive.google.com/file/d/1afhfOfSlE7su4N2BZyzUafQxatSmCYQf/view?usp=sharing into the file artifacts/data_ingestion/data.zip:]
[2024-01-23 17:02:37,673: INFO: data_ingestion: Downloaded data from https://drive.google.com/file/d/1afhfOfSlE7su4N2BZyzUafQxatSmCYQf/view?usp=sharing into file artifacts/data_ingestion/data.zip:]
[2024-01-23 17:02:38,320: INFO: main: >>>>> stage Data Ingestion Stage completed <<<<<

x==========x:]
[2024-01-23 17:02:38,320: INFO: main: ***************:]
[2024-01-23 17:02:38,320: INFO: main: >>>>> stage Prepare Base Model started <<<<<:]
[2024-01-23 17:02:38,320: INFO: common: yaml file: config\config.yaml loaded successfully:]
[2024-01-23 17:02:38,320: INFO: common: yaml file: params.yaml loaded successfully:]
[2024-01-23 17:02:38,320: INFO: common: created directory at: artifacts:]
[2024-01-23 17:02:38,320: INFO: common: created directory at: artifacts/prepare_base_model:]
[2024-01-23 17:03:35,098: INFO: common: yaml file: config\config.yaml loaded successfully:]
[2024-01-23 17:03:35,100: INFO: common: yaml file: params.yaml loaded successfully:]
[2024-01-23 17:03:35,102: INFO: common: created directory at: artifacts:]
[2024-01-23 17:03:35,103: INFO: common: created directory at: artifacts/prepare_base_model:]
[2024-01-23 17:03:35,523: WARNING: saving_utils: Compiled the loaded model, but the compiled metrics have yet to be built. `model.compile_metrics` will be empty until you train or evaluate the model.:]
[2024-01-23 17:46:21,423: INFO: main: >>>>> stage Data Ingestion Stage started <<<<<:]
[2024-01-23 17:46:21,423: INFO: common: yaml file: config\config.yaml loaded successfully:]
[2024-01-23 17:46:21,438: INFO: common: yaml file: params.yaml loaded successfully:]
[2024-01-23 17:46:21,438: INFO: common: created directory at: artifacts:]
[2024-01-23 17:46:21,438: INFO: common: created directory at: artifacts/data_ingestion:]
[2024-01-23 17:46:21,438: INFO: data_ingestion: Downloading dataset from https://drive.google.com/file/d/1afhfOfSlE7su4N2BZyzUafQxatSmCYQf/view?usp=sharing into the file artifacts/data_ingestion/data.zip:]
[2024-01-23 17:46:51,560: INFO: data_ingestion: Downloaded data from https://drive.google.com/file/d/1afhfOfSlE7su4N2BZyzUafQxatSmCYQf/view?usp=sharing into file artifacts/data_ingestion/data.zip:]
[2024-01-23 17:46:52,133: INFO: main: >>>>> stage Data Ingestion Stage completed <<<<<

x==========x:]
[2024-01-23 17:46:52,149: INFO: main: ***************:]
[2024-01-23 17:46:52,149: INFO: main: >>>>> stage Prepare Base Model started <<<<<:]
[2024-01-23 17:46:52,150: INFO: common: yaml file: config\config.yaml loaded successfully:]
[2024-01-23 17:46:52,152: INFO: common: yaml file: params.yaml loaded successfully:]
[2024-01-23 17:46:52,153: INFO: common: created directory at: artifacts:]
[2024-01-23 17:46:52,154: INFO: common: created directory at: artifacts/prepare_base_model:]
[2024-01-23 17:54:49,293: INFO: main: >>>>> stage Data Ingestion Stage started <<<<<:]
[2024-01-23 17:54:49,293: INFO: common: yaml file: config\config.yaml loaded successfully:]
[2024-01-23 17:54:49,293: INFO: common: yaml file: params.yaml loaded successfully:]
[2024-01-23 17:54:49,293: INFO: common: created directory at: artifacts:]
[2024-01-23 17:54:49,293: INFO: common: created directory at: artifacts/data_ingestion:]
[2024-01-23 17:54:49,293: INFO: data_ingestion: Downloading dataset from https://drive.google.com/file/d/1afhfOfSlE7su4N2BZyzUafQxatSmCYQf/view?usp=sharing into the file artifacts/data_ingestion/data.zip:]
[2024-01-23 17:55:48,416: INFO: data_ingestion: Downloaded data from https://drive.google.com/file/d/1afhfOfSlE7su4N2BZyzUafQxatSmCYQf/view?usp=sharing into file artifacts/data_ingestion/data.zip:]
[2024-01-23 17:55:49,514: INFO: main: >>>>> stage Data Ingestion Stage completed <<<<<

x==========x:]
[2024-01-23 17:55:49,514: INFO: main: ***************:]
[2024-01-23 17:55:49,514: INFO: main: >>>>> stage Prepare Base Model started <<<<<:]
[2024-01-23 17:55:49,530: INFO: common: yaml file: config\config.yaml loaded successfully:]
[2024-01-23 17:55:49,530: INFO: common: yaml file: params.yaml loaded successfully:]
[2024-01-23 17:55:49,530: INFO: common: created directory at: artifacts:]
[2024-01-23 17:55:49,530: INFO: common: created directory at: artifacts/prepare_base_model:]
[2024-01-23 17:55:50,381: WARNING: saving_utils: Compiled the loaded model, but the compiled metrics have yet to be built. `model.compile_metrics` will be empty until you train or evaluate the model.:]
[2024-01-23 17:55:50,709: INFO: main: >>>>> stage Prepare Base Model completed <<<<<

x==========x:]
[2024-02-28 17:58:52,687: INFO: common: yaml file: config\config.yaml loaded successfully:]
[2024-02-28 17:58:52,690: INFO: common: yaml file: params.yaml loaded successfully:]
[2024-02-28 17:58:52,692: INFO: common: created directory at: artifacts:]
[2024-02-28 17:58:52,694: INFO: common: created directory at: artifacts\training:]
[2024-02-28 18:05:36,278: INFO: common: yaml file: config\config.yaml loaded successfully:]
[2024-02-28 18:05:36,280: INFO: common: yaml file: params.yaml loaded successfully:]
[2024-02-28 18:05:36,282: INFO: common: created directory at: artifacts:]
[2024-02-28 18:05:36,284: INFO: common: created directory at: artifacts\training:]
[2024-02-28 18:08:35,691: INFO: common: yaml file: config\config.yaml loaded successfully:]
[2024-02-28 18:08:35,694: INFO: common: yaml file: params.yaml loaded successfully:]
[2024-02-28 18:08:35,696: INFO: common: created directory at: artifacts:]
[2024-02-28 18:08:35,697: INFO: common: created directory at: artifacts\training:]
[2024-02-28 18:18:15,852: INFO: common: yaml file: config\config.yaml loaded successfully:]
[2024-02-28 18:18:15,854: INFO: common: yaml file: params.yaml loaded successfully:]
[2024-02-28 18:18:15,855: INFO: common: created directory at: artifacts:]
[2024-02-28 18:18:15,856: INFO: common: created directory at: artifacts\training:]
[2024-02-28 18:23:31,709: INFO: common: yaml file: config\config.yaml loaded successfully:]
[2024-02-28 18:23:31,713: INFO: common: yaml file: params.yaml loaded successfully:]
[2024-02-28 18:23:31,715: INFO: common: created directory at: artifacts:]
[2024-02-28 18:23:31,716: INFO: common: created directory at: artifacts\training:]
[2024-02-28 18:24:49,912: INFO: common: yaml file: config\config.yaml loaded successfully:]
[2024-02-28 18:24:49,928: INFO: common: yaml file: params.yaml loaded successfully:]
[2024-02-28 18:24:49,930: INFO: common: created directory at: artifacts:]
[2024-02-28 18:24:49,932: INFO: common: created directory at: artifacts\training:]
[2024-02-28 19:43:26,905: INFO: main: >>>>> stage Data Ingestion Stage started <<<<<:]
[2024-02-28 19:43:26,915: INFO: common: yaml file: config\config.yaml loaded successfully:]
[2024-02-28 19:43:26,923: INFO: common: yaml file: params.yaml loaded successfully:]
[2024-02-28 19:43:26,925: INFO: common: created directory at: artifacts:]
[2024-02-28 19:43:26,926: INFO: common: created directory at: artifacts/data_ingestion:]
[2024-02-28 19:43:26,927: INFO: data_ingestion: Downloading dataset from https://drive.google.com/file/d/1afhfOfSlE7su4N2BZyzUafQxatSmCYQf/view?usp=sharing into the file artifacts/data_ingestion/data.zip:]
[2024-02-28 19:44:24,016: INFO: data_ingestion: Downloaded data from https://drive.google.com/file/d/1afhfOfSlE7su4N2BZyzUafQxatSmCYQf/view?usp=sharing into file artifacts/data_ingestion/data.zip:]
[2024-02-28 19:44:24,632: INFO: main: >>>>> stage Data Ingestion Stage completed <<<<<

x==========x:]
[2024-02-28 19:44:24,632: INFO: main: ***************:]
[2024-02-28 19:44:24,632: INFO: main: >>>>> stage Prepare Base Model started <<<<<:]
[2024-02-28 19:44:24,634: INFO: common: yaml file: config\config.yaml loaded successfully:]
[2024-02-28 19:44:24,635: INFO: common: yaml file: params.yaml loaded successfully:]
[2024-02-28 19:44:24,635: INFO: common: created directory at: artifacts:]
[2024-02-28 19:44:24,636: INFO: common: created directory at: artifacts/prepare_base_model:]
[2024-02-28 19:44:25,184: WARNING: saving_utils: Compiled the loaded model, but the compiled metrics have yet to be built. `model.compile_metrics` will be empty until you train or evaluate the model.:]
[2024-02-28 19:44:25,945: INFO: main: >>>>> stage Prepare Base Model completed <<<<<

x==========x:]
[2024-02-28 19:44:25,946: INFO: main: **************:]
[2024-02-28 19:44:25,946: INFO: main: >>>>>>> stage Training started <<<<<<<<:]
[2024-02-28 19:44:25,949: INFO: common: yaml file: config\config.yaml loaded successfully:]
[2024-02-28 19:44:25,951: INFO: common: yaml file: params.yaml loaded successfully:]
[2024-02-28 19:44:25,952: INFO: common: created directory at: artifacts:]
[2024-02-28 19:44:25,953: INFO: common: created directory at: artifacts\training:]
[2024-02-28 19:45:51,786: INFO: main: >>>>>>> stage Training completed <<<<<<<

x=========x:]
